<?xml version="1.0" encoding="UTF-8"?>
<testng-results ignored="0" total="3" passed="0" failed="3" skipped="0">
  <reporter-output>
  </reporter-output>
  <suite started-at="2024-04-20T01:28:51 IST" name="Default suite" finished-at="2024-04-20T01:28:53 IST" duration-ms="1371">
    <groups>
      <group name="cucumber">
        <method signature="AbstractTestNGCucumberTests.runScenario(io.cucumber.testng.PickleWrapper,io.cucumber.testng.FeatureWrapper)[pri:0, instance:TestRunner.OrangeTestrunner@60d1a32f]" name="runScenario" class="io.cucumber.testng.AbstractTestNGCucumberTests"/>
      </group> <!-- cucumber -->
    </groups>
    <test started-at="2024-04-20T01:28:51 IST" name="Default test" finished-at="2024-04-20T01:28:53 IST" duration-ms="1371">
      <class name="TestRunner.OrangeTestrunner">
        <test-method is-config="true" signature="setUpClass(org.testng.ITestContext)[pri:0, instance:TestRunner.OrangeTestrunner@60d1a32f]" started-at="2024-04-20T01:28:51 IST" name="setUpClass" finished-at="2024-04-20T01:28:52 IST" duration-ms="637" status="PASS">
          <params>
            <param index="0">
              <value>
                <![CDATA[org.testng.TestRunner@2fd72332]]>
              </value>
            </param>
          </params>
          <reporter-output>
          </reporter-output>
        </test-method> <!-- setUpClass -->
        <test-method signature="runScenario(io.cucumber.testng.PickleWrapper,io.cucumber.testng.FeatureWrapper)[pri:0, instance:TestRunner.OrangeTestrunner@60d1a32f]" started-at="2024-04-20T01:28:52 IST" name="runScenario" description="Runs Cucumber Scenarios" data-provider="scenarios" finished-at="2024-04-20T01:28:52 IST" duration-ms="271" status="FAIL">
          <params>
            <param index="0">
              <value>
                <![CDATA["Sceanrio to check login functionality with valid credential"]]>
              </value>
            </param>
            <param index="1">
              <value>
                <![CDATA["OrangeHRM login functionality"]]>
              </value>
            </param>
          </params>
          <exception class="java.lang.NullPointerException">
            <message>
              <![CDATA[Cannot invoke "org.openqa.selenium.WebDriver.getTitle()" because "StepDefination.LoginStepD.driverb" is null]]>
            </message>
            <full-stacktrace>
              <![CDATA[java.lang.NullPointerException: Cannot invoke "org.openqa.selenium.WebDriver.getTitle()" because "StepDefination.LoginStepD.driverb" is null
at StepDefination.LoginStepD.ss(LoginStepD.java:122)
]]>
            </full-stacktrace>
          </exception> <!-- java.lang.NullPointerException -->
          <reporter-output>
          </reporter-output>
        </test-method> <!-- runScenario -->
        <test-method signature="runScenario(io.cucumber.testng.PickleWrapper,io.cucumber.testng.FeatureWrapper)[pri:0, instance:TestRunner.OrangeTestrunner@60d1a32f]" started-at="2024-04-20T01:28:52 IST" name="runScenario" description="Runs Cucumber Scenarios" data-provider="scenarios" finished-at="2024-04-20T01:28:52 IST" duration-ms="46" status="FAIL">
          <params>
            <param index="0">
              <value>
                <![CDATA["Sceanrio to check login functionality with valid credential"]]>
              </value>
            </param>
            <param index="1">
              <value>
                <![CDATA["OrangeHRM login functionality"]]>
              </value>
            </param>
          </params>
          <exception class="java.lang.NullPointerException">
            <message>
              <![CDATA[Cannot invoke "org.openqa.selenium.WebDriver.getTitle()" because "StepDefination.LoginStepD.driverb" is null]]>
            </message>
            <full-stacktrace>
              <![CDATA[java.lang.NullPointerException: Cannot invoke "org.openqa.selenium.WebDriver.getTitle()" because "StepDefination.LoginStepD.driverb" is null
at StepDefination.LoginStepD.ss(LoginStepD.java:122)
]]>
            </full-stacktrace>
          </exception> <!-- java.lang.NullPointerException -->
          <reporter-output>
          </reporter-output>
        </test-method> <!-- runScenario -->
        <test-method signature="runScenario(io.cucumber.testng.PickleWrapper,io.cucumber.testng.FeatureWrapper)[pri:0, instance:TestRunner.OrangeTestrunner@60d1a32f]" started-at="2024-04-20T01:28:52 IST" name="runScenario" description="Runs Cucumber Scenarios" data-provider="scenarios" finished-at="2024-04-20T01:28:52 IST" duration-ms="25" status="FAIL">
          <params>
            <param index="0">
              <value>
                <![CDATA["Sceanrio to check login functionality with valid credential"]]>
              </value>
            </param>
            <param index="1">
              <value>
                <![CDATA["OrangeHRM login functionality"]]>
              </value>
            </param>
          </params>
          <exception class="java.lang.NullPointerException">
            <message>
              <![CDATA[Cannot invoke "org.openqa.selenium.WebDriver.getTitle()" because "StepDefination.LoginStepD.driverb" is null]]>
            </message>
            <full-stacktrace>
              <![CDATA[java.lang.NullPointerException: Cannot invoke "org.openqa.selenium.WebDriver.getTitle()" because "StepDefination.LoginStepD.driverb" is null
at StepDefination.LoginStepD.ss(LoginStepD.java:122)
]]>
            </full-stacktrace>
          </exception> <!-- java.lang.NullPointerException -->
          <reporter-output>
          </reporter-output>
        </test-method> <!-- runScenario -->
        <test-method is-config="true" signature="tearDownClass()[pri:0, instance:TestRunner.OrangeTestrunner@60d1a32f]" started-at="2024-04-20T01:28:52 IST" name="tearDownClass" finished-at="2024-04-20T01:28:53 IST" duration-ms="354" status="PASS">
          <reporter-output>
          </reporter-output>
        </test-method> <!-- tearDownClass -->
      </class> <!-- TestRunner.OrangeTestrunner -->
    </test> <!-- Default test -->
  </suite> <!-- Default suite -->
</testng-results>
